[27-Feb-2023 04:57:55 UTC] PHP Fatal error:  Uncaught Error: Undefined constant "Ok" in /Users/jasonaul/Local Sites/vg-news/app/public/test.php:1
Stack trace:
#0 {main}
  thrown in /Users/jasonaul/Local Sites/vg-news/app/public/test.php on line 1
[03-Mar-2023 04:23:56 UTC] PHP Parse error:  syntax error, unexpected identifier "greeting" in /Users/jasonaul/Local Sites/vg-news/app/public/wp-content/themes/VGasm/index.php on line 7
[03-Mar-2023 04:24:09 UTC] PHP Parse error:  syntax error, unexpected identifier "greeting" in /Users/jasonaul/Local Sites/vg-news/app/public/wp-content/themes/VGasm/index.php on line 7
[03-Mar-2023 04:24:10 UTC] PHP Parse error:  syntax error, unexpected identifier "greeting" in /Users/jasonaul/Local Sites/vg-news/app/public/wp-content/themes/VGasm/index.php on line 7
[03-Mar-2023 04:24:21 UTC] PHP Parse error:  syntax error, unexpected identifier "greeting" in /Users/jasonaul/Local Sites/vg-news/app/public/wp-content/themes/VGasm/index.php on line 7
[03-Mar-2023 04:24:22 UTC] PHP Parse error:  syntax error, unexpected identifier "greeting" in /Users/jasonaul/Local Sites/vg-news/app/public/wp-content/themes/VGasm/index.php on line 7
[03-Mar-2023 04:24:38 UTC] PHP Parse error:  syntax error, unexpected identifier "greeting" in /Users/jasonaul/Local Sites/vg-news/app/public/wp-content/themes/VGasm/index.php on line 7
[03-Mar-2023 04:24:39 UTC] PHP Parse error:  syntax error, unexpected identifier "greeting" in /Users/jasonaul/Local Sites/vg-news/app/public/wp-content/themes/VGasm/index.php on line 7
[03-Mar-2023 04:24:41 UTC] PHP Parse error:  syntax error, unexpected identifier "greeting" in /Users/jasonaul/Local Sites/vg-news/app/public/wp-content/themes/VGasm/index.php on line 7
[03-Mar-2023 04:25:27 UTC] PHP Parse error:  syntax error, unexpected variable "$color", expecting ")" in /Users/jasonaul/Local Sites/vg-news/app/public/wp-content/themes/VGasm/index.php on line 2
[03-Mar-2023 04:32:30 UTC] PHP Fatal error:  Uncaught Error: Array callback must have exactly two elements in /Users/jasonaul/Local Sites/vg-news/app/public/wp-content/themes/VGasm/index.php:7
Stack trace:
#0 /Users/jasonaul/Local Sites/vg-news/app/public/wp-includes/template-loader.php(106): include()
#1 /Users/jasonaul/Local Sites/vg-news/app/public/wp-blog-header.php(19): require_once('/Users/jasonaul...')
#2 /Users/jasonaul/Local Sites/vg-news/app/public/index.php(17): require('/Users/jasonaul...')
#3 {main}
  thrown in /Users/jasonaul/Local Sites/vg-news/app/public/wp-content/themes/VGasm/index.php on line 7
[03-Mar-2023 04:36:41 UTC] PHP Parse error:  syntax error, unexpected token ")" in /Users/jasonaul/Local Sites/vg-news/app/public/wp-content/themes/VGasm/index.php on line 7
[03-Mar-2023 04:37:36 UTC] PHP Parse error:  syntax error, unexpected token ")" in /Users/jasonaul/Local Sites/vg-news/app/public/wp-content/themes/VGasm/index.php on line 7
[03-Mar-2023 04:37:37 UTC] PHP Parse error:  syntax error, unexpected token ")" in /Users/jasonaul/Local Sites/vg-news/app/public/wp-content/themes/VGasm/index.php on line 7
[05-Mar-2023 20:35:56 UTC] PHP Parse error:  syntax error, unexpected token "}" in /Users/jasonaul/Local Sites/vg-news/app/public/wp-content/themes/VGasm/index.php on line 7
[13-Mar-2023 03:06:15 UTC] PHP Parse error:  Unmatched '}' in /Users/jasonaul/Local Sites/vg-news/app/public/wp-content/themes/VGasm/index.php on line 117
[13-Mar-2023 03:12:54 UTC] PHP Parse error:  syntax error, unexpected identifier "wp_enqueue_style" in /Users/jasonaul/Local Sites/vg-news/app/public/wp-content/themes/VGasm/functions.php on line 8
[13-Mar-2023 03:12:55 UTC] PHP Parse error:  syntax error, unexpected identifier "wp_enqueue_style" in /Users/jasonaul/Local Sites/vg-news/app/public/wp-content/themes/VGasm/functions.php on line 8
[13-Mar-2023 03:13:23 UTC] PHP Parse error:  syntax error, unexpected identifier "wp_enqueue_style" in /Users/jasonaul/Local Sites/vg-news/app/public/wp-content/themes/VGasm/functions.php on line 8
[13-Mar-2023 03:13:23 UTC] PHP Parse error:  syntax error, unexpected identifier "wp_enqueue_style" in /Users/jasonaul/Local Sites/vg-news/app/public/wp-content/themes/VGasm/functions.php on line 8
[13-Mar-2023 03:13:24 UTC] PHP Parse error:  syntax error, unexpected identifier "wp_enqueue_style" in /Users/jasonaul/Local Sites/vg-news/app/public/wp-content/themes/VGasm/functions.php on line 8
[13-Mar-2023 03:13:24 UTC] PHP Parse error:  syntax error, unexpected identifier "wp_enqueue_style" in /Users/jasonaul/Local Sites/vg-news/app/public/wp-content/themes/VGasm/functions.php on line 8
[13-Mar-2023 03:13:24 UTC] PHP Parse error:  syntax error, unexpected identifier "wp_enqueue_style" in /Users/jasonaul/Local Sites/vg-news/app/public/wp-content/themes/VGasm/functions.php on line 8
[13-Mar-2023 03:13:24 UTC] PHP Parse error:  syntax error, unexpected identifier "wp_enqueue_style" in /Users/jasonaul/Local Sites/vg-news/app/public/wp-content/themes/VGasm/functions.php on line 8
[13-Mar-2023 03:13:26 UTC] PHP Parse error:  syntax error, unexpected identifier "wp_enqueue_style" in /Users/jasonaul/Local Sites/vg-news/app/public/wp-content/themes/VGasm/functions.php on line 8
[13-Mar-2023 03:13:26 UTC] PHP Parse error:  syntax error, unexpected identifier "wp_enqueue_style" in /Users/jasonaul/Local Sites/vg-news/app/public/wp-content/themes/VGasm/functions.php on line 8
